#
# There is insufficient memory for the Java Runtime Environment to continue.
# Native memory allocation (malloc) failed to allocate 32744 bytes for ChunkPool::allocate
# Possible reasons:
#   The system is out of physical RAM or swap space
#   The process is running with CompressedOops enabled, and the Java Heap may be blocking the growth of the native heap
# Possible solutions:
#   Reduce memory load on the system
#   Increase physical memory or swap space
#   Check if swap backing store is full
#   Decrease Java heap size (-Xmx/-Xms)
#   Decrease number of Java threads
#   Decrease Java thread stack sizes (-Xss)
#   Set larger code cache with -XX:ReservedCodeCacheSize=
#   JVM is running with Zero Based Compressed Oops mode in which the Java heap is
#     placed in the first 32GB address space. The Java Heap base address is the
#     maximum limit for the native heap growth. Please use -XX:HeapBaseMinAddress
#     to set the Java Heap base and to place the Java Heap above 32GB virtual address.
# This output file may be truncated or incomplete.
#
#  Out of Memory Error (allocation.cpp:272), pid=10088, tid=0x0000000000002b24
#
# JRE version: Java(TM) SE Runtime Environment (8.0_391) (build 1.8.0_391-b26)
# Java VM: Java HotSpot(TM) 64-Bit Server VM (25.391-b26 mixed mode windows-amd64 compressed oops)
# Failed to write core dump. Minidumps are not enabled by default on client versions of Windows
#

---------------  T H R E A D  ---------------

Current thread (0x0000026655f0d000):  JavaThread "C2 CompilerThread2" daemon [_thread_in_native, id=11044, stack(0x000000f1db500000,0x000000f1db600000)]

Stack: [0x000000f1db500000,0x000000f1db600000]
Native frames: (J=compiled Java code, j=interpreted, Vv=VM code, C=native code)
V  [jvm.dll+0x353049]
V  [jvm.dll+0x290062]
V  [jvm.dll+0x290c2d]
V  [jvm.dll+0x285265]
V  [jvm.dll+0xdbe71]
V  [jvm.dll+0xdc1cc]
V  [jvm.dll+0x4a0c20]
V  [jvm.dll+0x4a044f]
V  [jvm.dll+0x4bb14c]
V  [jvm.dll+0x4bb906]
V  [jvm.dll+0x46068a]
V  [jvm.dll+0x46993f]
V  [jvm.dll+0x468d39]
V  [jvm.dll+0x452a6b]
V  [jvm.dll+0xb0766]
V  [jvm.dll+0xaee3f]
V  [jvm.dll+0x251612]
V  [jvm.dll+0x2accfc]
C  [ucrtbase.dll+0x29333]
C  [KERNEL32.DLL+0x1257d]
C  [ntdll.dll+0x5aa48]


Current CompileTask:
C2:  23643 3711       4       com.sun.javafx.css.BitSet::addAll (338 bytes)


---------------  P R O C E S S  ---------------

Java Threads: ( => current thread )
  0x0000026658155000 JavaThread "JFXMedia Player EventQueueThread" daemon [_thread_blocked, id=7236, stack(0x000000f1dd200000,0x000000f1dd300000)]
  0x000002665d92b800 JavaThread "Timer-1" daemon [_thread_blocked, id=8056, stack(0x000000f1dcf00000,0x000000f1dd000000)]
  0x000002665d8e6800 JavaThread "JFXMedia Player EventQueueThread" daemon [_thread_blocked, id=8416, stack(0x000000f1dc300000,0x000000f1dc400000)]
  0x000002665d4af800 JavaThread "Media Resource Disposer" daemon [_thread_blocked, id=6940, stack(0x000000f1dce00000,0x000000f1dcf00000)]
  0x000002665d60e000 JavaThread "Prism Font Disposer" daemon [_thread_blocked, id=1532, stack(0x000000f1dcd00000,0x000000f1dce00000)]
  0x0000026657c7b000 JavaThread "Thread-3" daemon [_thread_in_native, id=8856, stack(0x000000f1dbf00000,0x000000f1dc000000)]
  0x0000026657d20000 JavaThread "JavaFX-Launcher" [_thread_blocked, id=5536, stack(0x000000f1dc000000,0x000000f1dc100000)]
  0x0000026657a72000 JavaThread "JavaFX Application Thread" [_thread_in_Java, id=3128, stack(0x000000f1dbb00000,0x000000f1dbc00000)]
  0x0000026657a5b800 JavaThread "Thread-1" daemon [_thread_blocked, id=2568, stack(0x000000f1dba00000,0x000000f1dbb00000)]
  0x000002665764e800 JavaThread "QuantumRenderer-0" daemon [_thread_blocked, id=12808, stack(0x000000f1db900000,0x000000f1dba00000)]
  0x0000026655f8d800 JavaThread "Service Thread" daemon [_thread_blocked, id=12560, stack(0x000000f1db700000,0x000000f1db800000)]
  0x0000026655f0e000 JavaThread "C1 CompilerThread3" daemon [_thread_in_native, id=9444, stack(0x000000f1db600000,0x000000f1db700000)]
=>0x0000026655f0d000 JavaThread "C2 CompilerThread2" daemon [_thread_in_native, id=11044, stack(0x000000f1db500000,0x000000f1db600000)]
  0x0000026655f09000 JavaThread "C2 CompilerThread1" daemon [_thread_in_native, id=6040, stack(0x000000f1db400000,0x000000f1db500000)]
  0x0000026655f03800 JavaThread "C2 CompilerThread0" daemon [_thread_in_native, id=11896, stack(0x000000f1db300000,0x000000f1db400000)]
  0x0000026655f02800 JavaThread "Attach Listener" daemon [_thread_blocked, id=2600, stack(0x000000f1db200000,0x000000f1db300000)]
  0x0000026655f01800 JavaThread "Signal Dispatcher" daemon [_thread_blocked, id=4976, stack(0x000000f1db100000,0x000000f1db200000)]
  0x000002663acbb800 JavaThread "Finalizer" daemon [_thread_blocked, id=12128, stack(0x000000f1daf00000,0x000000f1db000000)]
  0x0000026655eda000 JavaThread "Reference Handler" daemon [_thread_blocked, id=13008, stack(0x000000f1dae00000,0x000000f1daf00000)]
  0x000002663aa95800 JavaThread "main" [_thread_blocked, id=4972, stack(0x000000f1da400000,0x000000f1da500000)]

Other Threads:
  0x0000026655eb4000 VMThread [stack: 0x000000f1dad00000,0x000000f1dae00000] [id=11524]
  0x0000026655f26800 WatcherThread [stack: 0x000000f1db800000,0x000000f1db900000] [id=5244]

VM state:not at safepoint (normal execution)

VM Mutex/Monitor currently owned by a thread: None

heap address: 0x00000006c4c00000, size: 4020 MB, Compressed Oops mode: Zero based, Oop shift amount: 3
Narrow klass base: 0x0000000000000000, Narrow klass shift: 3
Compressed class space size: 1073741824 Address: 0x00000007c0000000

Heap:
 PSYoungGen      total 313344K, used 137037K [0x000000076c400000, 0x000000079a880000, 0x00000007c0000000)
  eden space 213504K, 32% used [0x000000076c400000,0x0000000770717f78,0x0000000779480000)
  from space 99840K, 68% used [0x0000000779480000,0x000000077d73b638,0x000000077f600000)
  to   space 175616K, 0% used [0x000000078fd00000,0x000000078fd00000,0x000000079a880000)
 ParOldGen       total 252416K, used 252012K [0x00000006c4c00000, 0x00000006d4280000, 0x000000076c400000)
  object space 252416K, 99% used [0x00000006c4c00000,0x00000006d421b000,0x00000006d4280000)
 Metaspace       used 22067K, capacity 23026K, committed 23168K, reserved 1069056K
  class space    used 2904K, capacity 3158K, committed 3200K, reserved 1048576K

Card table byte_map: [0x000002664b850000,0x000002664c030000] byte_map_base: 0x000002664822a000

Marking Bits: (ParMarkBitMap*) 0x00007ff802ac6040
 Begin Bits: [0x000002664c570000, 0x0000026650440000)
 End Bits:   [0x0000026650440000, 0x0000026654310000)

Polling page: 0x000002663aa40000

CodeCache: size=245760Kb used=11095Kb max_used=11105Kb free=234664Kb
 bounds [0x000002663c490000, 0x000002663cf70000, 0x000002664b490000]
 total_blobs=4191 nmethods=3473 adapters=630
 compilation: enabled

Compilation events (10 events):
Event: 23.579 Thread 0x0000026655f0e000 nmethod 3701 0x000002663cf6f110 code [0x000002663cf6f260, 0x000002663cf6f378]
Event: 23.579 Thread 0x0000026655f0e000 3716       1       javafx.scene.layout.CornerRadii::hashCode (5 bytes)
Event: 23.579 Thread 0x0000026655f09000 nmethod 3708% 0x000002663cf6f3d0 code [0x000002663cf6f520, 0x000002663cf6f7d8]
Event: 23.579 Thread 0x0000026655f0e000 nmethod 3716 0x000002663cf6e3d0 code [0x000002663cf6e520, 0x000002663cf6e638]
Event: 23.579 Thread 0x0000026655f09000 3715       4       com.sun.javafx.css.SimpleSelector::applies (221 bytes)
Event: 23.579 Thread 0x0000026655f0e000 3717       1       javafx.scene.layout.BackgroundFill::hashCode (5 bytes)
Event: 23.579 Thread 0x0000026655f0e000 nmethod 3717 0x000002663cf6e110 code [0x000002663cf6e260, 0x000002663cf6e378]
Event: 23.579 Thread 0x0000026655f0e000 3718       1       javafx.scene.text.Font::getFamily (5 bytes)
Event: 23.580 Thread 0x0000026655f0e000 nmethod 3718 0x000002663cf6de50 code [0x000002663cf6dfa0, 0x000002663cf6e0b8]
Event: 23.580 Thread 0x0000026655f0e000 3721       3       javafx.scene.CssStyleHelper::lookupFont (1234 bytes)

GC Heap History (10 events):
Event: 21.508 GC heap before
{Heap before GC invocations=6 (full 1):
 PSYoungGen      total 139776K, used 129024K [0x000000076c400000, 0x0000000775700000, 0x00000007c0000000)
  eden space 129024K, 100% used [0x000000076c400000,0x0000000774200000,0x0000000774200000)
  from space 10752K, 0% used [0x0000000774c80000,0x0000000774c80000,0x0000000775700000)
  to   space 10752K, 0% used [0x0000000774200000,0x0000000774200000,0x0000000774c80000)
 ParOldGen       total 266240K, used 133106K [0x00000006c4c00000, 0x00000006d5000000, 0x000000076c400000)
  object space 266240K, 49% used [0x00000006c4c00000,0x00000006ccdfcbf8,0x00000006d5000000)
 Metaspace       used 21564K, capacity 22472K, committed 22656K, reserved 1069056K
  class space    used 2852K, capacity 3075K, committed 3200K, reserved 1048576K
Event: 21.529 GC heap after
Heap after GC invocations=6 (full 1):
 PSYoungGen      total 139776K, used 10750K [0x000000076c400000, 0x0000000784780000, 0x00000007c0000000)
  eden space 129024K, 0% used [0x000000076c400000,0x000000076c400000,0x0000000774200000)
  from space 10752K, 99% used [0x0000000774200000,0x0000000774c7f8b8,0x0000000774c80000)
  to   space 83456K, 0% used [0x000000077f600000,0x000000077f600000,0x0000000784780000)
 ParOldGen       total 266240K, used 200890K [0x00000006c4c00000, 0x00000006d5000000, 0x000000076c400000)
  object space 266240K, 75% used [0x00000006c4c00000,0x00000006d102e8f8,0x00000006d5000000)
 Metaspace       used 21564K, capacity 22472K, committed 22656K, reserved 1069056K
  class space    used 2852K, capacity 3075K, committed 3200K, reserved 1048576K
}
Event: 21.529 GC heap before
{Heap before GC invocations=7 (full 2):
 PSYoungGen      total 139776K, used 10750K [0x000000076c400000, 0x0000000784780000, 0x00000007c0000000)
  eden space 129024K, 0% used [0x000000076c400000,0x000000076c400000,0x0000000774200000)
  from space 10752K, 99% used [0x0000000774200000,0x0000000774c7f8b8,0x0000000774c80000)
  to   space 83456K, 0% used [0x000000077f600000,0x000000077f600000,0x0000000784780000)
 ParOldGen       total 266240K, used 200890K [0x00000006c4c00000, 0x00000006d5000000, 0x000000076c400000)
  object space 266240K, 75% used [0x00000006c4c00000,0x00000006d102e8f8,0x00000006d5000000)
 Metaspace       used 21564K, capacity 22472K, committed 22656K, reserved 1069056K
  class space    used 2852K, capacity 3075K, committed 3200K, reserved 1048576K
Event: 21.560 GC heap after
Heap after GC invocations=7 (full 2):
 PSYoungGen      total 139776K, used 0K [0x000000076c400000, 0x0000000784780000, 0x00000007c0000000)
  eden space 129024K, 0% used [0x000000076c400000,0x000000076c400000,0x0000000774200000)
  from space 10752K, 0% used [0x0000000774200000,0x0000000774200000,0x0000000774c80000)
  to   space 83456K, 0% used [0x000000077f600000,0x000000077f600000,0x0000000784780000)
 ParOldGen       total 252416K, used 90343K [0x00000006c4c00000, 0x00000006d4280000, 0x000000076c400000)
  object space 252416K, 35% used [0x00000006c4c00000,0x00000006ca439cc8,0x00000006d4280000)
 Metaspace       used 21564K, capacity 22472K, committed 22656K, reserved 1069056K
  class space    used 2852K, capacity 3075K, committed 3200K, reserved 1048576K
}
Event: 22.110 GC heap before
{Heap before GC invocations=8 (full 2):
 PSYoungGen      total 139776K, used 129024K [0x000000076c400000, 0x0000000784780000, 0x00000007c0000000)
  eden space 129024K, 100% used [0x000000076c400000,0x0000000774200000,0x0000000774200000)
  from space 10752K, 0% used [0x0000000774200000,0x0000000774200000,0x0000000774c80000)
  to   space 83456K, 0% used [0x000000077f600000,0x000000077f600000,0x0000000784780000)
 ParOldGen       total 252416K, used 90343K [0x00000006c4c00000, 0x00000006d4280000, 0x000000076c400000)
  object space 252416K, 35% used [0x00000006c4c00000,0x00000006ca439cc8,0x00000006d4280000)
 Metaspace       used 21799K, capacity 22734K, committed 22912K, reserved 1069056K
  class space    used 2885K, capacity 3152K, committed 3200K, reserved 1048576K
Event: 22.133 GC heap after
Heap after GC invocations=8 (full 2):
 PSYoungGen      total 296960K, used 83444K [0x000000076c400000, 0x0000000787280000, 0x00000007c0000000)
  eden space 213504K, 0% used [0x000000076c400000,0x000000076c400000,0x0000000779480000)
  from space 83456K, 99% used [0x000000077f600000,0x000000078477d1d0,0x0000000784780000)
  to   space 99840K, 0% used [0x0000000779480000,0x0000000779480000,0x000000077f600000)
 ParOldGen       total 252416K, used 99716K [0x00000006c4c00000, 0x00000006d4280000, 0x000000076c400000)
  object space 252416K, 39% used [0x00000006c4c00000,0x00000006cad611e8,0x00000006d4280000)
 Metaspace       used 21799K, capacity 22734K, committed 22912K, reserved 1069056K
  class space    used 2885K, capacity 3152K, committed 3200K, reserved 1048576K
}
Event: 22.776 GC heap before
{Heap before GC invocations=9 (full 2):
 PSYoungGen      total 296960K, used 284337K [0x000000076c400000, 0x0000000787280000, 0x00000007c0000000)
  eden space 213504K, 94% used [0x000000076c400000,0x000000077882f4b0,0x0000000779480000)
  from space 83456K, 99% used [0x000000077f600000,0x000000078477d1d0,0x0000000784780000)
  to   space 99840K, 0% used [0x0000000779480000,0x0000000779480000,0x000000077f600000)
 ParOldGen       total 252416K, used 99716K [0x00000006c4c00000, 0x00000006d4280000, 0x000000076c400000)
  object space 252416K, 39% used [0x00000006c4c00000,0x00000006cad611e8,0x00000006d4280000)
 Metaspace       used 21907K, capacity 22886K, committed 23168K, reserved 1069056K
  class space    used 2891K, capacity 3156K, committed 3200K, reserved 1048576K
Event: 22.821 GC heap after
Heap after GC invocations=9 (full 2):
 PSYoungGen      total 313344K, used 99817K [0x000000076c400000, 0x000000079a880000, 0x00000007c0000000)
  eden space 213504K, 0% used [0x000000076c400000,0x000000076c400000,0x0000000779480000)
  from space 99840K, 99% used [0x0000000779480000,0x000000077f5fa400,0x000000077f600000)
  to   space 175616K, 0% used [0x000000078fd00000,0x000000078fd00000,0x000000079a880000)
 ParOldGen       total 252416K, used 224061K [0x00000006c4c00000, 0x00000006d4280000, 0x000000076c400000)
  object space 252416K, 88% used [0x00000006c4c00000,0x00000006d26cf6b8,0x00000006d4280000)
 Metaspace       used 21907K, capacity 22886K, committed 23168K, reserved 1069056K
  class space    used 2891K, capacity 3156K, committed 3200K, reserved 1048576K
}
Event: 22.821 GC heap before
{Heap before GC invocations=10 (full 3):
 PSYoungGen      total 313344K, used 99817K [0x000000076c400000, 0x000000079a880000, 0x00000007c0000000)
  eden space 213504K, 0% used [0x000000076c400000,0x000000076c400000,0x0000000779480000)
  from space 99840K, 99% used [0x0000000779480000,0x000000077f5fa400,0x000000077f600000)
  to   space 175616K, 0% used [0x000000078fd00000,0x000000078fd00000,0x000000079a880000)
 ParOldGen       total 252416K, used 224061K [0x00000006c4c00000, 0x00000006d4280000, 0x000000076c400000)
  object space 252416K, 88% used [0x00000006c4c00000,0x00000006d26cf6b8,0x00000006d4280000)
 Metaspace       used 21907K, capacity 22886K, committed 23168K, reserved 1069056K
  class space    used 2891K, capacity 3156K, committed 3200K, reserved 1048576K
Event: 22.909 GC heap after
Heap after GC invocations=10 (full 3):
 PSYoungGen      total 313344K, used 68333K [0x000000076c400000, 0x000000079a880000, 0x00000007c0000000)
  eden space 213504K, 0% used [0x000000076c400000,0x000000076c400000,0x0000000779480000)
  from space 99840K, 68% used [0x0000000779480000,0x000000077d73b638,0x000000077f600000)
  to   space 175616K, 0% used [0x000000078fd00000,0x000000078fd00000,0x000000079a880000)
 ParOldGen       total 252416K, used 252012K [0x00000006c4c00000, 0x00000006d4280000, 0x000000076c400000)
  object space 252416K, 99% used [0x00000006c4c00000,0x00000006d421b000,0x00000006d4280000)
 Metaspace       used 21907K, capacity 22886K, committed 23168K, reserved 1069056K
  class space    used 2891K, capacity 3156K, committed 3200K, reserved 1048576K
}

Deoptimization events (10 events):
Event: 19.662 Thread 0x0000026657a72000 Uncommon trap: reason=predicate action=maybe_recompile pc=0x000002663c748bc8 method=sun.net.www.ParseUtil.encodePath(Ljava/lang/String;Z)Ljava/lang/String; @ 36
Event: 19.757 Thread 0x0000026657a72000 Uncommon trap: reason=unstable_if action=reinterpret pc=0x000002663c6d4ed8 method=sun.nio.cs.UTF_8$Encoder.encode([CII[B)I @ 33
Event: 19.760 Thread 0x0000026657a72000 Uncommon trap: reason=unstable_if action=reinterpret pc=0x000002663c740584 method=sun.nio.cs.UTF_8$Decoder.decode([BII[C)I @ 30
Event: 19.775 Thread 0x0000026657a72000 Uncommon trap: reason=class_check action=maybe_recompile pc=0x000002663cac63c8 method=javafx.scene.Node.updateLocalToParentTransform()V @ 11
Event: 20.493 Thread 0x0000026657a72000 Uncommon trap: reason=class_check action=maybe_recompile pc=0x000002663cac63c8 method=javafx.scene.Node.updateLocalToParentTransform()V @ 11
Event: 21.255 Thread 0x0000026657a72000 Uncommon trap: reason=unstable_if action=reinterpret pc=0x000002663ce54fd8 method=java.util.concurrent.ConcurrentHashMap.putVal(Ljava/lang/Object;Ljava/lang/Object;Z)Ljava/lang/Object; @ 181
Event: 21.832 Thread 0x0000026657a72000 Uncommon trap: reason=class_check action=maybe_recompile pc=0x000002663ca68138 method=java.util.HashMap.putVal(ILjava/lang/Object;Ljava/lang/Object;ZZ)Ljava/lang/Object; @ 253
Event: 21.832 Thread 0x0000026657a72000 Uncommon trap: reason=class_check action=maybe_recompile pc=0x000002663ca68138 method=java.util.HashMap.putVal(ILjava/lang/Object;Ljava/lang/Object;ZZ)Ljava/lang/Object; @ 253
Event: 21.852 Thread 0x0000026657a72000 Uncommon trap: reason=unstable_if action=reinterpret pc=0x000002663c5ba5f4 method=com.sun.org.apache.xerces.internal.impl.XMLEntityScanner.checkBeforeLoad(Lcom/sun/xml/internal/stream/Entity$ScannedEntity;II)I @ 18
Event: 21.866 Thread 0x0000026657a72000 Uncommon trap: reason=unstable_if action=reinterpret pc=0x000002663c6ffcf8 method=com.sun.javafx.iio.gif.GIFImageLoader2.restoreToBackground([BIIII)V @ 7

Classes redefined (0 events):
No events

Internal exceptions (10 events):
Event: 0.394 Thread 0x0000026657a72000 Exception <a 'java/security/PrivilegedActionException'> (0x000000076d1cb068) thrown at [C:\jenkins\workspace\8-2-build-windows-x64-cygwin-sans-NAS\jdk8u391-mos\515\hotspot\src\share\vm\prims\jvm.cpp, line 1513]
Event: 0.440 Thread 0x0000026657a72000 Exception <a 'java/lang/NullPointerException'> (0x000000076d388fc8) thrown at [C:\jenkins\workspace\8-2-build-windows-x64-cygwin-sans-NAS\jdk8u391-mos\515\hotspot\src\share\vm\interpreter\linkResolver.cpp, line 1185]
Event: 0.440 Thread 0x0000026657a72000 Exception <a 'java/lang/NullPointerException'> (0x000000076d388fc8) thrown at [C:\jenkins\workspace\8-2-build-windows-x64-cygwin-sans-NAS\jdk8u391-mos\515\hotspot\src\share\vm\prims\jvm.cpp, line 1517]
Event: 0.877 Thread 0x0000026657a72000 Implicit null exception at 0x000002663c782fd6 to 0x000002663c78338d
Event: 0.878 Thread 0x0000026657a72000 Implicit null exception at 0x000002663c6a4b96 to 0x000002663c6a4f41
Event: 0.947 Thread 0x0000026657a72000 Implicit null exception at 0x000002663c7b4ff5 to 0x000002663c7b5225
Event: 7.133 Thread 0x000002665764e800 Implicit null exception at 0x000002663cab2ad0 to 0x000002663cab2b2d
Event: 14.989 Thread 0x0000026657a72000 Implicit null exception at 0x000002663cad547c to 0x000002663cad5509
Event: 15.704 Thread 0x0000026657a72000 Implicit null exception at 0x000002663cd19b2c to 0x000002663cd1a5f1
Event: 19.630 Thread 0x0000026657a72000 Exception <a 'java/lang/NoSuchMethodError': java.lang.Object.lambda$chars$0()Ljava/util/Spliterator$OfInt;> (0x00000007709059b0) thrown at [C:\jenkins\workspace\8-2-build-windows-x64-cygwin-sans-NAS\jdk8u391-mos\515\hotspot\src\share\vm\interpreter\linkRe

Events (10 events):
Event: 23.573 loading class javafx/scene/layout/FlowPane$StyleableProperties$2
Event: 23.573 loading class javafx/scene/layout/FlowPane$StyleableProperties$2 done
Event: 23.573 loading class javafx/scene/layout/FlowPane$StyleableProperties$3
Event: 23.573 loading class javafx/scene/layout/FlowPane$StyleableProperties$3 done
Event: 23.573 loading class javafx/scene/layout/FlowPane$StyleableProperties$4
Event: 23.573 loading class javafx/scene/layout/FlowPane$StyleableProperties$4 done
Event: 23.573 loading class javafx/scene/layout/FlowPane$StyleableProperties$5
Event: 23.573 loading class javafx/scene/layout/FlowPane$StyleableProperties$5 done
Event: 23.573 loading class javafx/scene/layout/FlowPane$StyleableProperties$6
Event: 23.573 loading class javafx/scene/layout/FlowPane$StyleableProperties$6 done


Dynamic libraries:
0x00007ff731000000 - 0x00007ff73104a000 	C:\Program Files\Java\jdk-1.8\jre\bin\java.exe
0x00007ff86d530000 - 0x00007ff86d746000 	C:\WINDOWS\SYSTEM32\ntdll.dll
0x00007ff86cef0000 - 0x00007ff86cfb4000 	C:\WINDOWS\System32\KERNEL32.DLL
0x00007ff86ad10000 - 0x00007ff86b0b7000 	C:\WINDOWS\System32\KERNELBASE.dll
0x00007ff86cda0000 - 0x00007ff86ce52000 	C:\WINDOWS\System32\ADVAPI32.dll
0x00007ff86b270000 - 0x00007ff86b317000 	C:\WINDOWS\System32\msvcrt.dll
0x00007ff86b940000 - 0x00007ff86b9e8000 	C:\WINDOWS\System32\sechost.dll
0x00007ff86a970000 - 0x00007ff86a998000 	C:\WINDOWS\System32\bcrypt.dll
0x00007ff86d210000 - 0x00007ff86d325000 	C:\WINDOWS\System32\RPCRT4.dll
0x00007ff86b330000 - 0x00007ff86b4de000 	C:\WINDOWS\System32\USER32.dll
0x00007ff86aab0000 - 0x00007ff86aad6000 	C:\WINDOWS\System32\win32u.dll
0x00007ff86bb50000 - 0x00007ff86bb79000 	C:\WINDOWS\System32\GDI32.dll
0x00007ff86b0c0000 - 0x00007ff86b1d9000 	C:\WINDOWS\System32\gdi32full.dll
0x00007ff86aa10000 - 0x00007ff86aaaa000 	C:\WINDOWS\System32\msvcp_win.dll
0x00007ff86a850000 - 0x00007ff86a961000 	C:\WINDOWS\System32\ucrtbase.dll
0x00007ff853c20000 - 0x00007ff853eb3000 	C:\WINDOWS\WinSxS\amd64_microsoft.windows.common-controls_6595b64144ccf1df_6.0.22621.3235_none_270f74e173860f98\COMCTL32.dll
0x00007ff86cfd0000 - 0x00007ff86d001000 	C:\WINDOWS\System32\IMM32.DLL
0x00007ff862e10000 - 0x00007ff862e2b000 	C:\Program Files\Java\jdk-1.8\jre\bin\vcruntime140.dll
0x00007ff866f60000 - 0x00007ff866f6c000 	C:\Program Files\Java\jdk-1.8\jre\bin\vcruntime140_1.dll
0x00007ff850900000 - 0x00007ff85098e000 	C:\Program Files\Java\jdk-1.8\jre\bin\msvcp140.dll
0x00007ff802290000 - 0x00007ff802b40000 	C:\Program Files\Java\jdk-1.8\jre\bin\server\jvm.dll
0x00007ff86b260000 - 0x00007ff86b268000 	C:\WINDOWS\System32\PSAPI.DLL
0x00007ff845af0000 - 0x00007ff845af9000 	C:\WINDOWS\SYSTEM32\WSOCK32.dll
0x00007ff86d470000 - 0x00007ff86d4e1000 	C:\WINDOWS\System32\WS2_32.dll
0x00007ff85cd90000 - 0x00007ff85cdc4000 	C:\WINDOWS\SYSTEM32\WINMM.dll
0x00007ff8582f0000 - 0x00007ff8582fa000 	C:\WINDOWS\SYSTEM32\VERSION.dll
0x00007ff869830000 - 0x00007ff869848000 	C:\WINDOWS\SYSTEM32\kernel.appcore.dll
0x00007ff862dc0000 - 0x00007ff862dd0000 	C:\Program Files\Java\jdk-1.8\jre\bin\verify.dll
0x00007ff862d90000 - 0x00007ff862dbb000 	C:\Program Files\Java\jdk-1.8\jre\bin\java.dll
0x00007ff862d70000 - 0x00007ff862d88000 	C:\Program Files\Java\jdk-1.8\jre\bin\zip.dll
0x00007ff86bb80000 - 0x00007ff86c3dc000 	C:\WINDOWS\System32\SHELL32.dll
0x00007ff8687b0000 - 0x00007ff8690a9000 	C:\WINDOWS\SYSTEM32\windows.storage.dll
0x00007ff86ca10000 - 0x00007ff86cd98000 	C:\WINDOWS\System32\combase.dll
0x00007ff868670000 - 0x00007ff8687ae000 	C:\WINDOWS\SYSTEM32\wintypes.dll
0x00007ff86d090000 - 0x00007ff86d183000 	C:\WINDOWS\System32\SHCORE.dll
0x00007ff86b800000 - 0x00007ff86b85e000 	C:\WINDOWS\System32\shlwapi.dll
0x00007ff86a780000 - 0x00007ff86a7a1000 	C:\WINDOWS\SYSTEM32\profapi.dll
0x00000266576f0000 - 0x00000266576f3000 	C:\Program Files\Java\jdk-1.8\jre\bin\api-ms-win-core-console-l1-1-0.dll
0x0000026657700000 - 0x0000026657703000 	C:\Program Files\Java\jdk-1.8\jre\bin\api-ms-win-core-console-l1-2-0.dll
0x0000026657710000 - 0x0000026657713000 	C:\Program Files\Java\jdk-1.8\jre\bin\api-ms-win-core-datetime-l1-1-0.dll
0x0000026657720000 - 0x0000026657723000 	C:\Program Files\Java\jdk-1.8\jre\bin\api-ms-win-core-debug-l1-1-0.dll
0x0000026657730000 - 0x0000026657733000 	C:\Program Files\Java\jdk-1.8\jre\bin\api-ms-win-core-errorhandling-l1-1-0.dll
0x0000026657740000 - 0x0000026657744000 	C:\Program Files\Java\jdk-1.8\jre\bin\api-ms-win-core-file-l1-1-0.dll
0x0000026657750000 - 0x0000026657753000 	C:\Program Files\Java\jdk-1.8\jre\bin\api-ms-win-core-file-l1-2-0.dll
0x0000026657760000 - 0x0000026657763000 	C:\Program Files\Java\jdk-1.8\jre\bin\api-ms-win-core-file-l2-1-0.dll
0x0000026657770000 - 0x0000026657773000 	C:\Program Files\Java\jdk-1.8\jre\bin\api-ms-win-core-handle-l1-1-0.dll
0x0000026657780000 - 0x0000026657783000 	C:\Program Files\Java\jdk-1.8\jre\bin\api-ms-win-core-heap-l1-1-0.dll
0x0000026657790000 - 0x0000026657793000 	C:\Program Files\Java\jdk-1.8\jre\bin\api-ms-win-core-interlocked-l1-1-0.dll
0x00000266577a0000 - 0x00000266577a3000 	C:\Program Files\Java\jdk-1.8\jre\bin\api-ms-win-core-libraryloader-l1-1-0.dll
0x00000266577b0000 - 0x00000266577b3000 	C:\Program Files\Java\jdk-1.8\jre\bin\api-ms-win-core-localization-l1-2-0.dll
0x00000266577c0000 - 0x00000266577c3000 	C:\Program Files\Java\jdk-1.8\jre\bin\api-ms-win-core-memory-l1-1-0.dll
0x00000266577d0000 - 0x00000266577d3000 	C:\Program Files\Java\jdk-1.8\jre\bin\api-ms-win-core-namedpipe-l1-1-0.dll
0x00000266577e0000 - 0x00000266577e3000 	C:\Program Files\Java\jdk-1.8\jre\bin\api-ms-win-core-processenvironment-l1-1-0.dll
0x00000266577f0000 - 0x00000266577f3000 	C:\Program Files\Java\jdk-1.8\jre\bin\api-ms-win-core-processthreads-l1-1-0.dll
0x0000026657800000 - 0x0000026657803000 	C:\Program Files\Java\jdk-1.8\jre\bin\api-ms-win-core-processthreads-l1-1-1.dll
0x0000026657810000 - 0x0000026657813000 	C:\Program Files\Java\jdk-1.8\jre\bin\api-ms-win-core-profile-l1-1-0.dll
0x0000026657820000 - 0x0000026657823000 	C:\Program Files\Java\jdk-1.8\jre\bin\api-ms-win-core-rtlsupport-l1-1-0.dll
0x0000026657830000 - 0x0000026657833000 	C:\Program Files\Java\jdk-1.8\jre\bin\api-ms-win-core-string-l1-1-0.dll
0x0000026657840000 - 0x0000026657843000 	C:\Program Files\Java\jdk-1.8\jre\bin\api-ms-win-core-synch-l1-1-0.dll
0x0000026657850000 - 0x0000026657853000 	C:\Program Files\Java\jdk-1.8\jre\bin\api-ms-win-core-synch-l1-2-0.dll
0x0000026657860000 - 0x0000026657863000 	C:\Program Files\Java\jdk-1.8\jre\bin\api-ms-win-core-sysinfo-l1-1-0.dll
0x0000026657870000 - 0x0000026657873000 	C:\Program Files\Java\jdk-1.8\jre\bin\api-ms-win-core-timezone-l1-1-0.dll
0x0000026657880000 - 0x0000026657883000 	C:\Program Files\Java\jdk-1.8\jre\bin\api-ms-win-core-util-l1-1-0.dll
0x0000026657890000 - 0x0000026657893000 	C:\Program Files\Java\jdk-1.8\jre\bin\api-ms-win-crt-conio-l1-1-0.dll
0x00000266578a0000 - 0x00000266578a4000 	C:\Program Files\Java\jdk-1.8\jre\bin\api-ms-win-crt-convert-l1-1-0.dll
0x00000266578b0000 - 0x00000266578b3000 	C:\Program Files\Java\jdk-1.8\jre\bin\api-ms-win-crt-environment-l1-1-0.dll
0x00000266578c0000 - 0x00000266578c3000 	C:\Program Files\Java\jdk-1.8\jre\bin\api-ms-win-crt-filesystem-l1-1-0.dll
0x00000266578d0000 - 0x00000266578d3000 	C:\Program Files\Java\jdk-1.8\jre\bin\api-ms-win-crt-heap-l1-1-0.dll
0x00000266578e0000 - 0x00000266578e3000 	C:\Program Files\Java\jdk-1.8\jre\bin\api-ms-win-crt-locale-l1-1-0.dll
0x00000266578f0000 - 0x00000266578f5000 	C:\Program Files\Java\jdk-1.8\jre\bin\api-ms-win-crt-math-l1-1-0.dll
0x0000026657900000 - 0x0000026657905000 	C:\Program Files\Java\jdk-1.8\jre\bin\api-ms-win-crt-multibyte-l1-1-0.dll
0x0000026657910000 - 0x0000026657920000 	C:\Program Files\Java\jdk-1.8\jre\bin\api-ms-win-crt-private-l1-1-0.dll
0x0000026657920000 - 0x0000026657923000 	C:\Program Files\Java\jdk-1.8\jre\bin\api-ms-win-crt-process-l1-1-0.dll
0x0000026657930000 - 0x0000026657934000 	C:\Program Files\Java\jdk-1.8\jre\bin\api-ms-win-crt-runtime-l1-1-0.dll
0x0000026657940000 - 0x0000026657944000 	C:\Program Files\Java\jdk-1.8\jre\bin\api-ms-win-crt-stdio-l1-1-0.dll
0x0000026657950000 - 0x0000026657954000 	C:\Program Files\Java\jdk-1.8\jre\bin\api-ms-win-crt-string-l1-1-0.dll
0x0000026657960000 - 0x0000026657963000 	C:\Program Files\Java\jdk-1.8\jre\bin\api-ms-win-crt-time-l1-1-0.dll
0x0000026657970000 - 0x0000026657973000 	C:\Program Files\Java\jdk-1.8\jre\bin\api-ms-win-crt-utility-l1-1-0.dll
0x00007ff850d00000 - 0x00007ff850e00000 	C:\Program Files\Java\jdk-1.8\jre\bin\ucrtbase.dll
0x00007ff852f10000 - 0x00007ff852f19000 	C:\Program Files\Java\jdk-1.8\jre\bin\msvcp140_1.dll
0x00007ff851bb0000 - 0x00007ff851bdf000 	C:\Program Files\Java\jdk-1.8\jre\bin\msvcp140_2.dll
0x00007ff851a90000 - 0x00007ff851ab3000 	C:\Program Files\Java\jdk-1.8\jre\bin\prism_d3d.dll
0x00007ff82ad00000 - 0x00007ff82aea9000 	C:\WINDOWS\system32\d3d9.dll
0x00007ff867a20000 - 0x00007ff867a4b000 	C:\WINDOWS\SYSTEM32\dwmapi.dll
0x00007ff8678d0000 - 0x00007ff867909000 	C:\WINDOWS\SYSTEM32\dxcore.dll
0x00007ff8677f0000 - 0x00007ff86789b000 	C:\WINDOWS\system32\uxtheme.dll
0x00007ff82aae0000 - 0x00007ff82acfc000 	C:\WINDOWS\System32\DriverStore\FileRepository\iigd_dch.inf_amd64_9741ef1f4093481f\igdumdim64.dll
0x00007ff86c860000 - 0x00007ff86ca05000 	C:\WINDOWS\System32\ole32.dll
0x00007ffffac60000 - 0x00007ffffbfd3000 	C:\WINDOWS\System32\DriverStore\FileRepository\iigd_dch.inf_amd64_9741ef1f4093481f\igd9dxva64.dll
0x00007ff86b860000 - 0x00007ff86b937000 	C:\WINDOWS\System32\OLEAUT32.dll
0x00007ff86c3e0000 - 0x00007ff86c854000 	C:\WINDOWS\System32\SETUPAPI.dll
0x00007ff86a540000 - 0x00007ff86a58e000 	C:\WINDOWS\SYSTEM32\cfgmgr32.dll
0x00007ff810f80000 - 0x00007ff812ca0000 	C:\WINDOWS\System32\DriverStore\FileRepository\iigd_dch.inf_amd64_9741ef1f4093481f\media_bin_64.dll
0x00007ff85bfe0000 - 0x00007ff85c3f7000 	C:\WINDOWS\System32\DriverStore\FileRepository\iigd_dch.inf_amd64_9741ef1f4093481f\igdgmm64.dll
0x00007ff8629d0000 - 0x00007ff862a1a000 	C:\WINDOWS\SYSTEM32\directxdatabasehelper.dll
0x00007ff850cb0000 - 0x00007ff850cf2000 	C:\Program Files\Java\jdk-1.8\jre\bin\glass.dll
0x00007ff86b700000 - 0x00007ff86b7f9000 	C:\WINDOWS\System32\COMDLG32.dll
0x00007ff86b9f0000 - 0x00007ff86bb43000 	C:\WINDOWS\System32\MSCTF.dll
0x00007ff86b1e0000 - 0x00007ff86b259000 	C:\WINDOWS\System32\bcryptPrimitives.dll
0x00007ff85b5f0000 - 0x00007ff85b617000 	C:\WINDOWS\System32\DriverStore\FileRepository\iigd_dch.inf_amd64_9741ef1f4093481f\igdinfo64.dll
0x00007ff8544f0000 - 0x00007ff8581ec000 	C:\WINDOWS\System32\DriverStore\FileRepository\iigd_dch.inf_amd64_9741ef1f4093481f\igc64.dll
0x00007ff852ba0000 - 0x00007ff852bb4000 	C:\Program Files\Java\jdk-1.8\jre\bin\javafx_font.dll
0x00007ff863bd0000 - 0x00007ff863e44000 	C:\WINDOWS\SYSTEM32\dwrite.dll
0x00007ff8507e0000 - 0x00007ff85087f000 	C:\Program Files\Java\jdk-1.8\jre\bin\glib-lite.dll
0x00007ff849200000 - 0x00007ff8492ee000 	C:\Program Files\Java\jdk-1.8\jre\bin\gstreamer-lite.dll
0x00007ff847370000 - 0x00007ff847412000 	C:\WINDOWS\SYSTEM32\DSOUND.dll
0x00007ff86a120000 - 0x00007ff86a16d000 	C:\WINDOWS\SYSTEM32\powrprof.dll
0x00007ff84fe30000 - 0x00007ff84fe59000 	C:\WINDOWS\SYSTEM32\winmmbase.dll
0x00007ff82a430000 - 0x00007ff82a4e1000 	C:\WINDOWS\SYSTEM32\ResampleDmo.DLL
0x00007ff852ce0000 - 0x00007ff852ceb000 	C:\WINDOWS\SYSTEM32\msdmo.dll
0x00007ff86a0b0000 - 0x00007ff86a0c3000 	C:\WINDOWS\SYSTEM32\UMPDC.dll
0x00007ff851990000 - 0x00007ff8519b5000 	C:\Program Files\Java\jdk-1.8\jre\bin\jfxmedia.dll
0x00007ff862d50000 - 0x00007ff862d6c000 	C:\Program Files\Java\jdk-1.8\jre\bin\net.dll
0x00007ff869d00000 - 0x00007ff869d69000 	C:\WINDOWS\system32\mswsock.dll
0x00007ff862d20000 - 0x00007ff862d33000 	C:\Program Files\Java\jdk-1.8\jre\bin\nio.dll
0x00007ff850f10000 - 0x00007ff850f40000 	C:\Program Files\Java\jdk-1.8\jre\bin\fxplugins.dll
0x00007ff86d3c0000 - 0x00007ff86d470000 	C:\WINDOWS\System32\clbcatq.dll
0x00007ff85b9a0000 - 0x00007ff85ba3d000 	C:\WINDOWS\System32\MMDevApi.dll
0x00007ff86a510000 - 0x00007ff86a53c000 	C:\WINDOWS\System32\DEVOBJ.dll
0x00007ff84b600000 - 0x00007ff84b7ec000 	C:\WINDOWS\SYSTEM32\AUDIOSES.DLL
0x00007ff867c80000 - 0x00007ff867c95000 	C:\WINDOWS\SYSTEM32\resourcepolicyclient.dll
0x00007ff869f80000 - 0x00007ff869f8c000 	C:\WINDOWS\SYSTEM32\CRYPTBASE.DLL
0x00007ff8509a0000 - 0x00007ff8509ce000 	C:\Windows\System32\qasf.dll
0x00007ff815420000 - 0x00007ff815646000 	C:\Windows\System32\WMVCore.DLL
0x00007ff82cc80000 - 0x00007ff82ccd0000 	C:\Windows\System32\WMASF.DLL
0x00007ff851460000 - 0x00007ff85147d000 	C:\Windows\System32\mp3dmod.dll
0x00007ff85eba0000 - 0x00007ff85ed6e000 	C:\WINDOWS\SYSTEM32\mfplat.DLL
0x00007ff85eb60000 - 0x00007ff85eb93000 	C:\WINDOWS\SYSTEM32\RTWorkQ.DLL

VM Arguments:
jvm_args: -Dfile.encoding=UTF-8 
java_command: C:\Users\Dani\Documents\NetBeansProjects\Memory\dist\run90304136\Memory.jar
java_class_path (initial): C:\Users\Dani\Documents\NetBeansProjects\Memory\dist\run90304136\Memory.jar
Launcher Type: SUN_STANDARD

Environment Variables:
CLASSPATH=.
PATH=C:\Program Files (x86)\Common Files\Oracle\Java\javapath;C:\WINDOWS\system32;C:\WINDOWS;C:\WINDOWS\System32\Wbem;C:\WINDOWS\System32\WindowsPowerShell\v1.0\;C:\WINDOWS\System32\OpenSSH\;"C:\Program Files\nodejs\;C:\Program Files\Java\jdk-1.8\bin";"C:\Program Files\Git\cmd;C:\Program Files\Java\jdk-1.8\bin";C:\Program Files\Java\jdk-1.8\bin;C:\Program Files\Java\jre-1.8\bin;C:\Program Files\Java\jdk1.8.0_202\bin;c:\Program Files (x86)\Microsoft SQL Server\100\Tools\Binn\;c:\Program Files\Microsoft SQL Server\100\Tools\Binn\;c:\Program Files\Microsoft SQL Server\100\DTS\Binn\;C:\Users\Dani\AppData\Local\Microsoft\WindowsApps;C:\Users\Dani\AppData\Local\Programs\Microsoft VS Code\bin;C:\Users\Dani\AppData\Roaming\npm;C:\Users\Dani\AppData\Local\GitHubDesktop\bin;C:\Program Files\MySQL\MySQL Server 8.0\bin;C:\Users\Dani\Desktop\mongosh-1.6.0-win32-x64\bin;
USERNAME=Dani
OS=Windows_NT
PROCESSOR_IDENTIFIER=Intel64 Family 6 Model 140 Stepping 1, GenuineIntel



---------------  S Y S T E M  ---------------

OS: Windows 11 , 64 bit Build 22621 (10.0.22621.3374)

CPU:total 8 (initial active 8) (4 cores per cpu, 2 threads per core) family 6 model 140 stepping 1, cmov, cx8, fxsr, mmx, sse, sse2, sse3, ssse3, sse4.1, sse4.2, popcnt, avx, avx2, aes, clmul, erms, 3dnowpref, lzcnt, ht, tsc, tscinvbit, bmi1, bmi2, adx

Memory: 4k page, physical 16464220k(4403716k free), swap 16464220k(10084k free)

vm_info: Java HotSpot(TM) 64-Bit Server VM (25.391-b26) for windows-amd64 JRE (1.8.0_391-b26), built on Oct  4 2023 08:19:40 by "java_re" with MS VC++ 17.1 (VS2022)

time: Thu Apr 25 12:01:32 2024
timezone: Hora de verano romance
elapsed time: 23.654833 seconds (0d 0h 0m 23s)

