#
# There is insufficient memory for the Java Runtime Environment to continue.
# Native memory allocation (malloc) failed to allocate 1048576 bytes for AllocateHeap
# Possible reasons:
#   The system is out of physical RAM or swap space
#   The process is running with CompressedOops enabled, and the Java Heap may be blocking the growth of the native heap
# Possible solutions:
#   Reduce memory load on the system
#   Increase physical memory or swap space
#   Check if swap backing store is full
#   Decrease Java heap size (-Xmx/-Xms)
#   Decrease number of Java threads
#   Decrease Java thread stack sizes (-Xss)
#   Set larger code cache with -XX:ReservedCodeCacheSize=
#   JVM is running with Zero Based Compressed Oops mode in which the Java heap is
#     placed in the first 32GB address space. The Java Heap base address is the
#     maximum limit for the native heap growth. Please use -XX:HeapBaseMinAddress
#     to set the Java Heap base and to place the Java Heap above 32GB virtual address.
# This output file may be truncated or incomplete.
#
#  Out of Memory Error (memory/allocation.inline.hpp:61), pid=7100, tid=0x0000000000003a84
#
# JRE version:  (8.0_391) (build )
# Java VM: Java HotSpot(TM) 64-Bit Server VM (25.391-b26 mixed mode windows-amd64 compressed oops)
# Failed to write core dump. Minidumps are not enabled by default on client versions of Windows
#

---------------  T H R E A D  ---------------

Current thread (0x000002c1a93f4800):  JavaThread "Unknown thread" [_thread_in_vm, id=14980, stack(0x000000dffcf00000,0x000000dffd000000)]

Stack: [0x000000dffcf00000,0x000000dffd000000]
Native frames: (J=compiled Java code, j=interpreted, Vv=VM code, C=native code)
V  [jvm.dll+0x353049]
V  [jvm.dll+0x290062]
V  [jvm.dll+0x290c2d]
V  [jvm.dll+0x285265]
V  [jvm.dll+0x502d]
V  [jvm.dll+0x3f0202]
V  [jvm.dll+0x3f0f77]
V  [jvm.dll+0x3ecd67]
V  [jvm.dll+0x1058ff]
V  [jvm.dll+0x21b26b]
V  [jvm.dll+0x24c0aa]
V  [jvm.dll+0x16d436]
C  [java.exe+0x2412]
C  [java.exe+0x165e0]
C  [KERNEL32.DLL+0x1257d]
C  [ntdll.dll+0x5aa48]


---------------  P R O C E S S  ---------------

Java Threads: ( => current thread )

Other Threads:

=>0x000002c1a93f4800 (exited) JavaThread "Unknown thread" [_thread_in_vm, id=14980, stack(0x000000dffcf00000,0x000000dffd000000)]

VM state:not at safepoint (normal execution)

VM Mutex/Monitor currently owned by a thread: None

heap address: 0x00000006c4c00000, size: 4020 MB, Compressed Oops mode: Zero based, Oop shift amount: 3
Narrow klass base: 0x0000000000000000, Narrow klass shift: 3
Compressed class space size: 1073741824 Address: 0x00000007c0000000

Heap:
 PSYoungGen      total 75264K, used 1290K [0x000000076c400000, 0x0000000771800000, 0x00000007c0000000)
  eden space 64512K, 2% used [0x000000076c400000,0x000000076c542900,0x0000000770300000)
  from space 10752K, 0% used [0x0000000770d80000,0x0000000770d80000,0x0000000771800000)
  to   space 10752K, 0% used [0x0000000770300000,0x0000000770300000,0x0000000770d80000)
 ParOldGen       total 172032K, used 0K [0x00000006c4c00000, 0x00000006cf400000, 0x000000076c400000)
  object space 172032K, 0% used [0x00000006c4c00000,0x00000006c4c00000,0x00000006cf400000)
 Metaspace       used 775K, capacity 4480K, committed 4480K, reserved 1056768K
  class space    used 76K, capacity 384K, committed 384K, reserved 1048576K

Card table byte_map: [0x000002c1ba210000,0x000002c1ba9f0000] byte_map_base: 0x000002c1b6bea000

Marking Bits: (ParMarkBitMap*) 0x00007ff8fd4d6040
 Begin Bits: [0x000002c1baf30000, 0x000002c1bee00000)
 End Bits:   [0x000002c1bee00000, 0x000002c1c2cd0000)

Polling page: 0x000002c1aae20000

CodeCache: size=245760Kb used=329Kb max_used=329Kb free=245430Kb
 bounds [0x000002c1aae50000, 0x000002c1ab0c0000, 0x000002c1b9e50000]
 total_blobs=58 nmethods=0 adapters=38
 compilation: enabled

Compilation events (0 events):
No events

GC Heap History (0 events):
No events

Deoptimization events (0 events):
No events

Classes redefined (0 events):
No events

Internal exceptions (0 events):
No events

Events (10 events):
Event: 0.037 loading class java/lang/Short
Event: 0.037 loading class java/lang/Short done
Event: 0.037 loading class java/lang/Integer
Event: 0.037 loading class java/lang/Integer done
Event: 0.037 loading class java/lang/Long
Event: 0.038 loading class java/lang/Long done
Event: 0.039 loading class java/lang/NullPointerException
Event: 0.039 loading class java/lang/NullPointerException done
Event: 0.039 loading class java/lang/ArithmeticException
Event: 0.039 loading class java/lang/ArithmeticException done


Dynamic libraries:
0x00007ff6de970000 - 0x00007ff6de9ba000 	C:\Program Files\Java\jdk-1.8\jre\bin\java.exe
0x00007ff960710000 - 0x00007ff960926000 	C:\WINDOWS\SYSTEM32\ntdll.dll
0x00007ff95fa60000 - 0x00007ff95fb24000 	C:\WINDOWS\System32\KERNEL32.DLL
0x00007ff95dca0000 - 0x00007ff95e047000 	C:\WINDOWS\System32\KERNELBASE.dll
0x00007ff95fb50000 - 0x00007ff95fc02000 	C:\WINDOWS\System32\ADVAPI32.dll
0x00007ff95ffa0000 - 0x00007ff960047000 	C:\WINDOWS\System32\msvcrt.dll
0x00007ff95efb0000 - 0x00007ff95f058000 	C:\WINDOWS\System32\sechost.dll
0x00007ff95e1c0000 - 0x00007ff95e1e8000 	C:\WINDOWS\System32\bcrypt.dll
0x00007ff95fc10000 - 0x00007ff95fd25000 	C:\WINDOWS\System32\RPCRT4.dll
0x00007ff95e550000 - 0x00007ff95e6fe000 	C:\WINDOWS\System32\USER32.dll
0x00007ff95da30000 - 0x00007ff95da56000 	C:\WINDOWS\System32\win32u.dll
0x00007ff95fd30000 - 0x00007ff95fd59000 	C:\WINDOWS\System32\GDI32.dll
0x00007ff95db00000 - 0x00007ff95dc19000 	C:\WINDOWS\System32\gdi32full.dll
0x00007ff95da60000 - 0x00007ff95dafa000 	C:\WINDOWS\System32\msvcp_win.dll
0x00007ff95e320000 - 0x00007ff95e431000 	C:\WINDOWS\System32\ucrtbase.dll
0x00007ff946e10000 - 0x00007ff9470a3000 	C:\WINDOWS\WinSxS\amd64_microsoft.windows.common-controls_6595b64144ccf1df_6.0.22621.3235_none_270f74e173860f98\COMCTL32.dll
0x00007ff960050000 - 0x00007ff960081000 	C:\WINDOWS\System32\IMM32.DLL
0x00007ff8ff600000 - 0x00007ff8ff61b000 	C:\Program Files\Java\jdk-1.8\jre\bin\vcruntime140.dll
0x00007ff93e030000 - 0x00007ff93e03c000 	C:\Program Files\Java\jdk-1.8\jre\bin\vcruntime140_1.dll
0x00007ff8ff4a0000 - 0x00007ff8ff52e000 	C:\Program Files\Java\jdk-1.8\jre\bin\msvcp140.dll
0x00007ff8fcca0000 - 0x00007ff8fd550000 	C:\Program Files\Java\jdk-1.8\jre\bin\server\jvm.dll
0x00007ff960090000 - 0x00007ff960098000 	C:\WINDOWS\System32\PSAPI.DLL
0x00007ff93bf80000 - 0x00007ff93bf89000 	C:\WINDOWS\SYSTEM32\WSOCK32.dll
0x00007ff9519d0000 - 0x00007ff951a04000 	C:\WINDOWS\SYSTEM32\WINMM.dll
0x00007ff952ab0000 - 0x00007ff952aba000 	C:\WINDOWS\SYSTEM32\VERSION.dll
0x00007ff95ff20000 - 0x00007ff95ff91000 	C:\WINDOWS\System32\WS2_32.dll
0x00007ff95ca10000 - 0x00007ff95ca28000 	C:\WINDOWS\SYSTEM32\kernel.appcore.dll
0x00007ff935e40000 - 0x00007ff935e50000 	C:\Program Files\Java\jdk-1.8\jre\bin\verify.dll
0x00007ff8ff590000 - 0x00007ff8ff5bb000 	C:\Program Files\Java\jdk-1.8\jre\bin\java.dll
0x00007ff8ff570000 - 0x00007ff8ff588000 	C:\Program Files\Java\jdk-1.8\jre\bin\zip.dll
0x00007ff95b360000 - 0x00007ff95b593000 	C:\WINDOWS\SYSTEM32\dbghelp.dll
0x00007ff95ec20000 - 0x00007ff95efa8000 	C:\WINDOWS\System32\combase.dll
0x00007ff960390000 - 0x00007ff960467000 	C:\WINDOWS\System32\OLEAUT32.dll
0x00007ff95dc20000 - 0x00007ff95dc99000 	C:\WINDOWS\System32\bcryptPrimitives.dll

VM Arguments:
jvm_args: -Dfile.encoding=UTF-8 
java_command: C:\Users\Dani\Documents\NetBeansProjects\Memory\dist\run1645022810\Memory.jar
java_class_path (initial): C:\Users\Dani\Documents\NetBeansProjects\Memory\dist\run1645022810\Memory.jar
Launcher Type: SUN_STANDARD

Environment Variables:
CLASSPATH=.
PATH=C:\Program Files (x86)\Common Files\Oracle\Java\javapath;C:\WINDOWS\system32;C:\WINDOWS;C:\WINDOWS\System32\Wbem;C:\WINDOWS\System32\WindowsPowerShell\v1.0\;C:\WINDOWS\System32\OpenSSH\;"C:\Program Files\nodejs\;C:\Program Files\Java\jdk-1.8\bin";"C:\Program Files\Git\cmd;C:\Program Files\Java\jdk-1.8\bin";C:\Program Files\Java\jdk-1.8\bin;C:\Program Files\Java\jre-1.8\bin;C:\Program Files\Java\jdk1.8.0_202\bin;c:\Program Files (x86)\Microsoft SQL Server\100\Tools\Binn\;c:\Program Files\Microsoft SQL Server\100\Tools\Binn\;c:\Program Files\Microsoft SQL Server\100\DTS\Binn\;C:\Users\Dani\AppData\Local\Microsoft\WindowsApps;C:\Users\Dani\AppData\Local\Programs\Microsoft VS Code\bin;C:\Users\Dani\AppData\Roaming\npm;C:\Users\Dani\AppData\Local\GitHubDesktop\bin;C:\Program Files\MySQL\MySQL Server 8.0\bin;C:\Users\Dani\Desktop\mongosh-1.6.0-win32-x64\bin;
USERNAME=Dani
OS=Windows_NT
PROCESSOR_IDENTIFIER=Intel64 Family 6 Model 140 Stepping 1, GenuineIntel



---------------  S Y S T E M  ---------------

OS: Windows 11 , 64 bit Build 22621 (10.0.22621.3374)

CPU:total 8 (initial active 8) (4 cores per cpu, 2 threads per core) family 6 model 140 stepping 1, cmov, cx8, fxsr, mmx, sse, sse2, sse3, ssse3, sse4.1, sse4.2, popcnt, avx, avx2, aes, clmul, erms, 3dnowpref, lzcnt, ht, tsc, tscinvbit, bmi1, bmi2, adx

Memory: 4k page, physical 16464220k(7560548k free), swap 16464220k(22304k free)

vm_info: Java HotSpot(TM) 64-Bit Server VM (25.391-b26) for windows-amd64 JRE (1.8.0_391-b26), built on Oct  4 2023 08:19:40 by "java_re" with MS VC++ 17.1 (VS2022)

time: Tue Apr 23 16:36:29 2024
timezone: Hora de verano romance
elapsed time: 0.159121 seconds (0d 0h 0m 0s)

